playground/svelte/src/lib/form/adapters/simple-schema/index.ts(2,42): error TS2307: Cannot find module 'json-schema' or its corresponding type declarations.
playground/svelte/src/lib/form/client/customValidity.ts(2,31): error TS2307: Cannot find module '$lib/utils/nested-values.util.js' or its corresponding type declarations.
playground/svelte/src/lib/form/client/proxies.svelte.ts(14,8): error TS2307: Cannot find module '$lib/utils/nested-values.util' or its corresponding type declarations.
playground/svelte/src/lib/form/client/super-form/change-events.ts(6,42): error TS2307: Cannot find module '$lib/utils/nested-values.util.js' or its corresponding type declarations.
playground/svelte/src/lib/form/client/super-form/data-controller/error-display.ts(4,31): error TS2307: Cannot find module '$lib/utils/nested-values.util.js' or its corresponding type declarations.
playground/svelte/src/lib/form/client/super-form/data-controller/index.ts(3,46): error TS2307: Cannot find module '$lib/utils/nested-values.util.js' or its corresponding type declarations.
playground/svelte/src/lib/form/client/super-form/data-controller/validation.ts(3,46): error TS2307: Cannot find module '$lib/utils/nested-values.util.js' or its corresponding type declarations.
playground/svelte/src/lib/form/client/super-form/helpers/setup/helpers.ts(5,31): error TS2307: Cannot find module '$lib/utils/nested-values.util.js' or its corresponding type declarations.
playground/svelte/src/lib/form/client/super-form/helpers/setup/types.ts(9,31): error TS2307: Cannot find module '$lib/utils/nested-values.util.js' or its corresponding type declarations.
playground/svelte/src/lib/form/client/super-form/index.svelte.ts(20,56): error TS2307: Cannot find module '$lib/utils/nested-values.util.js' or its corresponding type declarations.
playground/svelte/src/lib/form/client/super-form/tainted.svelte.ts(16,49): error TS2307: Cannot find module '$lib/utils/nested-values.util.js' or its corresponding type declarations.
playground/svelte/src/lib/form/components/context.ts(1,25): error TS2307: Cannot find module 'runed' or its corresponding type declarations.
playground/svelte/src/lib/form/components/fields/base/formsnap.svelte.ts(8,63): error TS2307: Cannot find module '$lib/utils/nested-values.util.js' or its corresponding type declarations.
playground/svelte/src/lib/form/components/fields/base/internal/utils/path.test.ts(1,38): error TS2307: Cannot find module 'vitest' or its corresponding type declarations.
playground/svelte/src/lib/form/components/fields/base/types.ts(8,56): error TS2307: Cannot find module '$lib/utils/nested-values.util.js' or its corresponding type declarations.
playground/svelte/src/lib/form/components/utils.ts(2,27): error TS2307: Cannot find module '$lib/utils/table-data-fetch.util' or its corresponding type declarations.
playground/svelte/src/lib/form/components/utils.ts(5,25): error TS2307: Cannot find module 'tailwind-merge' or its corresponding type declarations.
playground/svelte/src/lib/form/components/utils.ts(11,8): error TS2307: Cannot find module '$lib/utils/nested-values.util' or its corresponding type declarations.
playground/svelte/src/lib/form/create-form.ts(9,40): error TS2307: Cannot find module '$lib/utils/extract-message.util' or its corresponding type declarations.
playground/svelte/src/lib/form/create-form.ts(10,31): error TS2307: Cannot find module '$lib/utils/nested-values.util.js' or its corresponding type declarations.
playground/svelte/src/lib/form/errors.ts(1,23): error TS2307: Cannot find module 'ts-deepmerge' or its corresponding type declarations.
playground/svelte/src/lib/form/errors.ts(2,49): error TS2307: Cannot find module '$lib/utils/nested-values.util.js' or its corresponding type declarations.
playground/svelte/src/lib/form/formData.ts(2,44): error TS2307: Cannot find module 'json-schema' or its corresponding type declarations.
playground/svelte/src/lib/form/jsonSchema/constraints.ts(1,36): error TS2307: Cannot find module 'ts-deepmerge' or its corresponding type declarations.
playground/svelte/src/lib/form/jsonSchema/index.ts(1,48): error TS2307: Cannot find module 'json-schema' or its corresponding type declarations.
playground/svelte/src/lib/form/jsonSchema/schemaDefaults.ts(1,23): error TS2307: Cannot find module 'ts-deepmerge' or its corresponding type declarations.
playground/svelte/src/lib/form/jsonSchema/schemaInfo.ts(1,78): error TS2307: Cannot find module 'json-schema' or its corresponding type declarations.
playground/svelte/src/lib/form/jsonSchema/schemaInfo.ts(2,23): error TS2307: Cannot find module 'ts-deepmerge' or its corresponding type declarations.
playground/svelte/src/lib/form/jsonSchema/schemaShape.ts(2,44): error TS2307: Cannot find module 'json-schema' or its corresponding type declarations.
playground/svelte/src/lib/form/memoize.ts(1,25): error TS2307: Cannot find module '@emotion/weak-memoize' or its corresponding type declarations.
playground/svelte/src/lib/form/path-helpers.ts(16,31): error TS2307: Cannot find module '$lib/utils/nested-values.util' or its corresponding type declarations.
playground/svelte/src/lib/form/superValidate.ts(7,31): error TS2307: Cannot find module '$lib/utils/nested-values.util.js' or its corresponding type declarations.
playground/svelte/src/lib/form/traversal.ts(9,8): error TS2307: Cannot find module '../utils/nested-values.util.js' or its corresponding type declarations.
playground/svelte/src/lib/form/types/client.ts(10,42): error TS2307: Cannot find module '$lib/utils/nested-values.util.js' or its corresponding type declarations.
playground/svelte/src/lib/form/utils.ts(1,44): error TS2307: Cannot find module 'json-schema' or its corresponding type declarations.
playground/svelte/src/lib/traits/controllers.ts(1,37): error TS2307: Cannot find module 'runed' or its corresponding type declarations.
playground/svelte/src/lib/types/index.ts(53,27): error TS2307: Cannot find module 'runed' or its corresponding type declarations.
node_modules/esrap/types/index.d.ts(72,32): error TS2307: Cannot find module '@typescript-eslint/types' or its corresponding type declarations.
node_modules/esrap/types/index.d.ts(128,32): error TS2307: Cannot find module '@typescript-eslint/types' or its corresponding type declarations.
playground/node_modules/svelte-toolbelt/dist/types.d.ts(2,27): error TS2307: Cannot find module 'csstype' or its corresponding type declarations.
playground/svelte/src/lib/form/adapters/simple-schema/index.ts(2,42): error TS2307: Cannot find module 'json-schema' or its corresponding type declarations.
playground/svelte/src/lib/form/client/customValidity.ts(2,31): error TS2307: Cannot find module '$lib/utils/nested-values.util.js' or its corresponding type declarations.
playground/svelte/src/lib/form/client/proxies.svelte.ts(14,8): error TS2307: Cannot find module '$lib/utils/nested-values.util' or its corresponding type declarations.
playground/svelte/src/lib/form/client/super-form/change-events.ts(6,42): error TS2307: Cannot find module '$lib/utils/nested-values.util.js' or its corresponding type declarations.
playground/svelte/src/lib/form/client/super-form/data-controller/error-display.ts(4,31): error TS2307: Cannot find module '$lib/utils/nested-values.util.js' or its corresponding type declarations.
playground/svelte/src/lib/form/client/super-form/data-controller/index.ts(3,46): error TS2307: Cannot find module '$lib/utils/nested-values.util.js' or its corresponding type declarations.
playground/svelte/src/lib/form/client/super-form/data-controller/validation.ts(3,46): error TS2307: Cannot find module '$lib/utils/nested-values.util.js' or its corresponding type declarations.
playground/svelte/src/lib/form/client/super-form/helpers/setup/helpers.ts(5,31): error TS2307: Cannot find module '$lib/utils/nested-values.util.js' or its corresponding type declarations.
playground/svelte/src/lib/form/client/super-form/helpers/setup/types.ts(9,31): error TS2307: Cannot find module '$lib/utils/nested-values.util.js' or its corresponding type declarations.
playground/svelte/src/lib/form/client/super-form/index.svelte.ts(20,56): error TS2307: Cannot find module '$lib/utils/nested-values.util.js' or its corresponding type declarations.
playground/svelte/src/lib/form/client/super-form/tainted.svelte.ts(16,49): error TS2307: Cannot find module '$lib/utils/nested-values.util.js' or its corresponding type declarations.
playground/svelte/src/lib/form/components/context.ts(1,25): error TS2307: Cannot find module 'runed' or its corresponding type declarations.
playground/svelte/src/lib/form/components/exports.d.ts(42,49): error TS2307: Cannot find module './types.js' or its corresponding type declarations.
playground/svelte/src/lib/form/components/fields/base/formsnap.svelte.ts(8,63): error TS2307: Cannot find module '$lib/utils/nested-values.util.js' or its corresponding type declarations.
playground/svelte/src/lib/form/components/fields/base/internal/utils/path.test.ts(1,38): error TS2307: Cannot find module 'vitest' or its corresponding type declarations.
playground/svelte/src/lib/form/components/fields/base/types.ts(8,56): error TS2307: Cannot find module '$lib/utils/nested-values.util.js' or its corresponding type declarations.
playground/svelte/src/lib/form/components/utils.ts(2,27): error TS2307: Cannot find module '$lib/utils/table-data-fetch.util' or its corresponding type declarations.
playground/svelte/src/lib/form/components/utils.ts(5,25): error TS2307: Cannot find module 'tailwind-merge' or its corresponding type declarations.
playground/svelte/src/lib/form/components/utils.ts(11,8): error TS2307: Cannot find module '$lib/utils/nested-values.util' or its corresponding type declarations.
playground/svelte/src/lib/form/create-form.ts(9,40): error TS2307: Cannot find module '$lib/utils/extract-message.util' or its corresponding type declarations.
playground/svelte/src/lib/form/create-form.ts(10,31): error TS2307: Cannot find module '$lib/utils/nested-values.util.js' or its corresponding type declarations.
playground/svelte/src/lib/form/errors.ts(1,23): error TS2307: Cannot find module 'ts-deepmerge' or its corresponding type declarations.
playground/svelte/src/lib/form/errors.ts(2,49): error TS2307: Cannot find module '$lib/utils/nested-values.util.js' or its corresponding type declarations.
playground/svelte/src/lib/form/formData.ts(2,44): error TS2307: Cannot find module 'json-schema' or its corresponding type declarations.
playground/svelte/src/lib/form/jsonSchema/constraints.ts(1,36): error TS2307: Cannot find module 'ts-deepmerge' or its corresponding type declarations.
playground/svelte/src/lib/form/jsonSchema/index.ts(1,48): error TS2307: Cannot find module 'json-schema' or its corresponding type declarations.
playground/svelte/src/lib/form/jsonSchema/schemaDefaults.ts(1,23): error TS2307: Cannot find module 'ts-deepmerge' or its corresponding type declarations.
playground/svelte/src/lib/form/jsonSchema/schemaInfo.ts(1,78): error TS2307: Cannot find module 'json-schema' or its corresponding type declarations.
playground/svelte/src/lib/form/jsonSchema/schemaInfo.ts(2,23): error TS2307: Cannot find module 'ts-deepmerge' or its corresponding type declarations.
playground/svelte/src/lib/form/jsonSchema/schemaShape.ts(2,44): error TS2307: Cannot find module 'json-schema' or its corresponding type declarations.
playground/svelte/src/lib/form/memoize.ts(1,25): error TS2307: Cannot find module '@emotion/weak-memoize' or its corresponding type declarations.
playground/svelte/src/lib/form/path-helpers.ts(16,31): error TS2307: Cannot find module '$lib/utils/nested-values.util' or its corresponding type declarations.
playground/svelte/src/lib/form/superValidate.ts(7,31): error TS2307: Cannot find module '$lib/utils/nested-values.util.js' or its corresponding type declarations.
playground/svelte/src/lib/form/traversal.ts(9,8): error TS2307: Cannot find module '../utils/nested-values.util.js' or its corresponding type declarations.
playground/svelte/src/lib/form/types/client.ts(10,42): error TS2307: Cannot find module '$lib/utils/nested-values.util.js' or its corresponding type declarations.
playground/svelte/src/lib/form/utils.ts(1,44): error TS2307: Cannot find module 'json-schema' or its corresponding type declarations.
playground/svelte/src/lib/traits/controllers.ts(1,37): error TS2307: Cannot find module 'runed' or its corresponding type declarations.
playground/svelte/src/lib/types/index.ts(53,27): error TS2307: Cannot find module 'runed' or its corresponding type declarations.
playground/svelte/src/macros/generated/src/lib/demo/macro-user.d.ts(14,8): error TS2307: Cannot find module '../types/bindings.ts' or its corresponding type declarations.
