playground/svelte/src/lib/demo/field-controller-test.ts(17,20): error TS2554: Expected 0 arguments, but got 1.
playground/svelte/src/lib/demo/field-controller-test.ts(22,20): error TS2554: Expected 0 arguments, but got 1.
playground/svelte/src/lib/demo/field-controller-test.ts(17,20): error TS2554: Expected 0 arguments, but got 1.
playground/svelte/src/lib/demo/field-controller-test.ts(22,20): error TS2554: Expected 0 arguments, but got 1.
