playground/svelte/src/lib/form/components/fields/base/internal/utils/path.test.ts(191,12): error TS7031: Binding element 'input' implicitly has an 'any' type.
playground/svelte/src/lib/form/components/fields/base/internal/utils/path.test.ts(191,19): error TS7031: Binding element 'path' implicitly has an 'any' type.
playground/svelte/src/lib/form/components/fields/base/internal/utils/path.test.ts(191,25): error TS7031: Binding element 'expected' implicitly has an 'any' type.
playground/svelte/src/lib/form/components/fields/base/internal/utils/path.test.ts(197,12): error TS7031: Binding element 'input' implicitly has an 'any' type.
playground/svelte/src/lib/form/components/fields/base/internal/utils/path.test.ts(197,19): error TS7031: Binding element 'path' implicitly has an 'any' type.
playground/svelte/src/lib/form/components/fields/base/internal/utils/path.test.ts(197,25): error TS7031: Binding element 'expected' implicitly has an 'any' type.
playground/svelte/src/lib/form/components/fields/base/internal/utils/path.test.ts(206,12): error TS7031: Binding element 'input' implicitly has an 'any' type.
playground/svelte/src/lib/form/components/fields/base/internal/utils/path.test.ts(206,19): error TS7031: Binding element 'path' implicitly has an 'any' type.
playground/svelte/src/lib/form/components/fields/base/internal/utils/path.test.ts(206,25): error TS7031: Binding element 'expected' implicitly has an 'any' type.
